<?xml version="1.0" encoding="UTF-8"?>
<testng-results skipped="0" failed="1" ignored="0" total="3" passed="2">
  <reporter-output>
    <line>
      <![CDATA[<a href='C:\Users\ania\IdeaProjects\travel2\test-output\errorScreenshots\sholudHaveSpecificDateChosen.jpg'> <img src= 'C:\Users\ania\IdeaProjects\travel2\test-output\errorScreenshots\sholudHaveSpecificDateChosen.jpg'height='100' width = '100'/></a>]]>
    </line>
  </reporter-output>
  <suite name="Default Suite" duration-ms="76807" started-at="2018-06-25T16:50:38Z" finished-at="2018-06-25T16:51:55Z">
    <groups>
    </groups>
    <test name="travel2" duration-ms="76807" started-at="2018-06-25T16:50:38Z" finished-at="2018-06-25T16:51:55Z">
      <class name="SearchTest">
        <test-method status="PASS" signature="beforeTest()[pri:0, instance:SearchTest@3a079870]" name="beforeTest" is-config="true" duration-ms="16724" started-at="2018-06-25T16:50:38Z" finished-at="2018-06-25T16:50:55Z">
          <reporter-output>
          </reporter-output>
        </test-method> <!-- beforeTest -->
        <test-method status="PASS" signature="sholudFindPlazaApartments()[pri:0, instance:SearchTest@3a079870]" name="sholudFindPlazaApartments" duration-ms="21377" started-at="2018-06-25T16:50:55Z" finished-at="2018-06-25T16:51:17Z">
          <reporter-output>
          </reporter-output>
        </test-method> <!-- sholudFindPlazaApartments -->
        <test-method status="PASS" signature="afterTest(org.testng.ITestResult)[pri:0, instance:SearchTest@3a079870]" name="afterTest" is-config="true" duration-ms="480" started-at="2018-06-25T16:51:17Z" finished-at="2018-06-25T16:51:17Z">
          <params>
            <param index="0">
              <value>
                <![CDATA[[TestResult name=sholudFindPlazaApartments status=SUCCESS method=SearchTest.sholudFindPlazaApartments()[pri:0, instance:SearchTest@3a079870] output={null}]]]>
              </value>
            </param>
          </params>
          <reporter-output>
          </reporter-output>
        </test-method> <!-- afterTest -->
        <test-method status="PASS" signature="beforeTest()[pri:0, instance:SearchTest@3a079870]" name="beforeTest" is-config="true" duration-ms="4099" started-at="2018-06-25T16:51:17Z" finished-at="2018-06-25T16:51:21Z">
          <reporter-output>
          </reporter-output>
        </test-method> <!-- beforeTest -->
        <test-method status="FAIL" signature="sholudHaveSpecificDateChosen()[pri:0, instance:SearchTest@3a079870]" name="sholudHaveSpecificDateChosen" duration-ms="11470" started-at="2018-06-25T16:51:21Z" finished-at="2018-06-25T16:51:33Z">
          <exception class="java.lang.AssertionError">
            <message>
              <![CDATA[expected [true] but found [false]]]>
            </message>
            <full-stacktrace>
              <![CDATA[java.lang.AssertionError: expected [true] but found [false]
at org.testng.Assert.fail(Assert.java:96)
at org.testng.Assert.failNotEquals(Assert.java:776)
at org.testng.Assert.assertTrue(Assert.java:44)
at org.testng.Assert.assertTrue(Assert.java:54)
at assertions.SearchTestAssertion.hasCorrectDate(SearchTestAssertion.java:30)
at SearchTest.sholudHaveSpecificDateChosen(SearchTest.java:31)
at sun.reflect.NativeMethodAccessorImpl.invoke0(Native Method)
at sun.reflect.NativeMethodAccessorImpl.invoke(NativeMethodAccessorImpl.java:62)
at sun.reflect.DelegatingMethodAccessorImpl.invoke(DelegatingMethodAccessorImpl.java:43)
at java.lang.reflect.Method.invoke(Method.java:498)
at org.testng.internal.MethodInvocationHelper.invokeMethod(MethodInvocationHelper.java:124)
at org.testng.internal.Invoker.invokeMethod(Invoker.java:583)
at org.testng.internal.Invoker.invokeTestMethod(Invoker.java:719)
at org.testng.internal.Invoker.invokeTestMethods(Invoker.java:989)
at org.testng.internal.TestMethodWorker.invokeTestMethods(TestMethodWorker.java:125)
at org.testng.internal.TestMethodWorker.run(TestMethodWorker.java:109)
at org.testng.TestRunner.privateRun(TestRunner.java:648)
at org.testng.TestRunner.run(TestRunner.java:505)
at org.testng.SuiteRunner.runTest(SuiteRunner.java:455)
at org.testng.SuiteRunner.runSequentially(SuiteRunner.java:450)
at org.testng.SuiteRunner.privateRun(SuiteRunner.java:415)
at org.testng.SuiteRunner.run(SuiteRunner.java:364)
at org.testng.SuiteRunnerWorker.runSuite(SuiteRunnerWorker.java:52)
at org.testng.SuiteRunnerWorker.run(SuiteRunnerWorker.java:84)
at org.testng.TestNG.runSuitesSequentially(TestNG.java:1208)
at org.testng.TestNG.runSuitesLocally(TestNG.java:1137)
at org.testng.TestNG.runSuites(TestNG.java:1049)
at org.testng.TestNG.run(TestNG.java:1017)
at org.testng.IDEARemoteTestNG.run(IDEARemoteTestNG.java:72)
at org.testng.RemoteTestNGStarter.main(RemoteTestNGStarter.java:123)
]]>
            </full-stacktrace>
          </exception> <!-- java.lang.AssertionError -->
          <reporter-output>
          </reporter-output>
        </test-method> <!-- sholudHaveSpecificDateChosen -->
        <test-method status="PASS" signature="afterTest(org.testng.ITestResult)[pri:0, instance:SearchTest@3a079870]" name="afterTest" is-config="true" duration-ms="3428" started-at="2018-06-25T16:51:33Z" finished-at="2018-06-25T16:51:36Z">
          <params>
            <param index="0">
              <value>
                <![CDATA[[TestResult name=sholudHaveSpecificDateChosen status=FAILURE method=SearchTest.sholudHaveSpecificDateChosen()[pri:0, instance:SearchTest@3a079870] output={null}]]]>
              </value>
            </param>
          </params>
          <reporter-output>
            <line>
              <![CDATA[<a href='C:\Users\ania\IdeaProjects\travel2\test-output\errorScreenshots\sholudHaveSpecificDateChosen.jpg'> <img src= 'C:\Users\ania\IdeaProjects\travel2\test-output\errorScreenshots\sholudHaveSpecificDateChosen.jpg'height='100' width = '100'/></a>]]>
            </line>
          </reporter-output>
        </test-method> <!-- afterTest -->
        <test-method status="PASS" signature="beforeTest()[pri:0, instance:SearchTest@3a079870]" name="beforeTest" is-config="true" duration-ms="4290" started-at="2018-06-25T16:51:36Z" finished-at="2018-06-25T16:51:41Z">
          <reporter-output>
          </reporter-output>
        </test-method> <!-- beforeTest -->
        <test-method status="PASS" signature="shouldGoToSearchRusults()[pri:0, instance:SearchTest@3a079870]" name="shouldGoToSearchRusults" duration-ms="13234" started-at="2018-06-25T16:51:41Z" finished-at="2018-06-25T16:51:54Z">
          <reporter-output>
          </reporter-output>
        </test-method> <!-- shouldGoToSearchRusults -->
        <test-method status="PASS" signature="afterTest(org.testng.ITestResult)[pri:0, instance:SearchTest@3a079870]" name="afterTest" is-config="true" duration-ms="805" started-at="2018-06-25T16:51:54Z" finished-at="2018-06-25T16:51:55Z">
          <params>
            <param index="0">
              <value>
                <![CDATA[[TestResult name=shouldGoToSearchRusults status=SUCCESS method=SearchTest.shouldGoToSearchRusults()[pri:0, instance:SearchTest@3a079870] output={null}]]]>
              </value>
            </param>
          </params>
          <reporter-output>
          </reporter-output>
        </test-method> <!-- afterTest -->
      </class> <!-- SearchTest -->
    </test> <!-- travel2 -->
  </suite> <!-- Default Suite -->
</testng-results>
